<?xml version="1.0" encoding="UTF-8"?>
<testng-results ignored="3" total="6" passed="3" failed="0" skipped="0">
  <reporter-output>
    <line>
      <![CDATA[My Test Case got passed]]>
    </line>
    <line>
      <![CDATA[My Test Case got passed]]>
    </line>
    <line>
      <![CDATA[All scenarios passed]]>
    </line>
    <line>
      <![CDATA[My Test Case got passed]]>
    </line>
  </reporter-output>
  <suite started-at="2025-05-18T18:30:38 IST" name="Suite" finished-at="2025-05-18T18:31:20 IST" duration-ms="42543">
    <groups>
      <group name="sanity">
        <method signature="Extent_Report.demoTest()[pri:0, instance:testClasses.Extent_Report@3fc2959f]" name="demoTest" class="testClasses.Extent_Report"/>
        <method signature="LoginTest.executeLoginTest()[pri:0, instance:testClasses.LoginTest@4c402120]" name="executeLoginTest" class="testClasses.LoginTest"/>
        <method signature="AddPatVitalsTest.addPatVitals()[pri:2, instance:testClasses.AddPatVitalsTest@6150c3ec]" name="addPatVitals" class="testClasses.AddPatVitalsTest"/>
      </group> <!-- sanity -->
    </groups>
    <test started-at="2025-05-18T18:30:38 IST" name="Test" finished-at="2025-05-18T18:31:20 IST" duration-ms="42543">
      <class name="testClasses.Extent_Report">
        <test-method is-config="true" signature="setup()[pri:0, instance:testClasses.Extent_Report@3fc2959f]" started-at="2025-05-18T18:30:37 IST" name="setup" finished-at="2025-05-18T18:30:38 IST" duration-ms="523" status="PASS">
          <reporter-output>
          </reporter-output>
        </test-method> <!-- setup -->
        <test-method signature="demoTest()[pri:0, instance:testClasses.Extent_Report@3fc2959f]" started-at="2025-05-18T18:31:17 IST" name="demoTest" finished-at="2025-05-18T18:31:17 IST" duration-ms="39" status="PASS">
          <reporter-output>
            <line>
              <![CDATA[All scenarios passed]]>
            </line>
            <line>
              <![CDATA[My Test Case got passed]]>
            </line>
          </reporter-output>
        </test-method> <!-- demoTest -->
        <test-method is-config="true" signature="tearDown()[pri:0, instance:testClasses.Extent_Report@3fc2959f]" started-at="2025-05-18T18:31:20 IST" name="tearDown" finished-at="2025-05-18T18:31:21 IST" duration-ms="737" status="PASS">
          <reporter-output>
          </reporter-output>
        </test-method> <!-- tearDown -->
      </class> <!-- testClasses.Extent_Report -->
      <class name="testClasses.AddPatVitalsTest">
        <test-method is-config="true" signature="openBrowser()[pri:0, instance:testClasses.AddPatVitalsTest@6150c3ec]" started-at="2025-05-18T18:30:52 IST" name="openBrowser" finished-at="2025-05-18T18:31:00 IST" duration-ms="8567" status="PASS">
          <reporter-output>
          </reporter-output>
        </test-method> <!-- openBrowser -->
        <test-method signature="addPatVitals()[pri:2, instance:testClasses.AddPatVitalsTest@6150c3ec]" started-at="2025-05-18T18:31:00 IST" name="addPatVitals" finished-at="2025-05-18T18:31:17 IST" duration-ms="16563" status="PASS">
          <reporter-output>
            <line>
              <![CDATA[My Test Case got passed]]>
            </line>
          </reporter-output>
        </test-method> <!-- addPatVitals -->
      </class> <!-- testClasses.AddPatVitalsTest -->
      <class name="testClasses.LoginTest">
        <test-method is-config="true" signature="openBrowser()[pri:0, instance:testClasses.LoginTest@4c402120]" started-at="2025-05-18T18:30:38 IST" name="openBrowser" finished-at="2025-05-18T18:30:48 IST" duration-ms="10134" status="PASS">
          <reporter-output>
          </reporter-output>
        </test-method> <!-- openBrowser -->
        <test-method signature="executeLoginTest()[pri:0, instance:testClasses.LoginTest@4c402120]" started-at="2025-05-18T18:30:48 IST" name="executeLoginTest" finished-at="2025-05-18T18:30:51 IST" duration-ms="3568" status="PASS">
          <reporter-output>
            <line>
              <![CDATA[My Test Case got passed]]>
            </line>
          </reporter-output>
        </test-method> <!-- executeLoginTest -->
        <test-method is-config="true" signature="closeBrowser()[pri:0, instance:testClasses.LoginTest@4c402120]" started-at="2025-05-18T18:31:18 IST" name="closeBrowser" finished-at="2025-05-18T18:31:20 IST" duration-ms="2442" status="PASS">
          <reporter-output>
          </reporter-output>
        </test-method> <!-- closeBrowser -->
      </class> <!-- testClasses.LoginTest -->
    </test> <!-- Test -->
  </suite> <!-- Suite -->
</testng-results>
