<?xml version="1.0" encoding="UTF-8"?>
<testng-results ignored="2" total="6" passed="4" failed="0" skipped="0">
  <reporter-output>
    <line>
      <![CDATA[My Test Case got passed]]>
    </line>
    <line>
      <![CDATA[My Test Case got passed]]>
    </line>
    <line>
      <![CDATA[My Test Case got passed]]>
    </line>
    <line>
      <![CDATA[My Test Case got passed]]>
    </line>
  </reporter-output>
  <suite started-at="2025-05-18T17:51:59 IST" name="Surefire suite" finished-at="2025-05-18T17:53:45 IST" duration-ms="106526">
    <groups>
      <group name="smoke">
        <method signature="RegisterPatientTest.addPatient(java.lang.String,java.lang.String,java.lang.String,java.lang.String)[pri:0, instance:testClasses.RegisterPatientTest@184cf7cf]" name="addPatient" class="testClasses.RegisterPatientTest"/>
      </group> <!-- smoke -->
      <group name="sanity">
        <method signature="LoginTest.executeLoginTest()[pri:0, instance:testClasses.LoginTest@2805c96b]" name="executeLoginTest" class="testClasses.LoginTest"/>
        <method signature="AddPatVitalsTest.addPatVitals()[pri:2, instance:testClasses.AddPatVitalsTest@60704c]" name="addPatVitals" class="testClasses.AddPatVitalsTest"/>
      </group> <!-- sanity -->
    </groups>
    <test started-at="2025-05-18T17:51:59 IST" name="Surefire test" finished-at="2025-05-18T17:53:45 IST" duration-ms="106526">
      <class name="testClasses.RegisterPatientTest">
        <test-method is-config="true" signature="openBrowser()[pri:0, instance:testClasses.RegisterPatientTest@184cf7cf]" started-at="2025-05-18T17:52:39 IST" name="openBrowser" finished-at="2025-05-18T17:52:47 IST" duration-ms="8661" status="PASS">
          <reporter-output>
          </reporter-output>
        </test-method> <!-- openBrowser -->
        <test-method signature="addPatient(java.lang.String,java.lang.String,java.lang.String,java.lang.String)[pri:0, instance:testClasses.RegisterPatientTest@184cf7cf]" started-at="2025-05-18T17:52:47 IST" name="addPatient" data-provider="registerpatientdata" finished-at="2025-05-18T17:53:11 IST" duration-ms="23307" status="PASS">
          <params>
            <param index="0">
              <value>
                <![CDATA[Harry]]>
              </value>
            </param>
            <param index="1">
              <value>
                <![CDATA[dsouza]]>
              </value>
            </param>
            <param index="2">
              <value>
                <![CDATA[32]]>
              </value>
            </param>
            <param index="3">
              <value>
                <![CDATA[Mumbai]]>
              </value>
            </param>
          </params>
          <reporter-output>
            <line>
              <![CDATA[My Test Case got passed]]>
            </line>
          </reporter-output>
        </test-method> <!-- addPatient -->
        <test-method is-config="true" signature="openBrowser()[pri:0, instance:testClasses.RegisterPatientTest@184cf7cf]" started-at="2025-05-18T17:53:11 IST" name="openBrowser" finished-at="2025-05-18T17:53:20 IST" duration-ms="8613" status="PASS">
          <reporter-output>
          </reporter-output>
        </test-method> <!-- openBrowser -->
        <test-method signature="addPatient(java.lang.String,java.lang.String,java.lang.String,java.lang.String)[pri:0, instance:testClasses.RegisterPatientTest@184cf7cf]" started-at="2025-05-18T17:53:20 IST" name="addPatient" data-provider="registerpatientdata" finished-at="2025-05-18T17:53:42 IST" duration-ms="22698" status="PASS">
          <params>
            <param index="0">
              <value>
                <![CDATA[Henry]]>
              </value>
            </param>
            <param index="1">
              <value>
                <![CDATA[Williamson]]>
              </value>
            </param>
            <param index="2">
              <value>
                <![CDATA[45]]>
              </value>
            </param>
            <param index="3">
              <value>
                <![CDATA[Delhi]]>
              </value>
            </param>
          </params>
          <reporter-output>
            <line>
              <![CDATA[My Test Case got passed]]>
            </line>
          </reporter-output>
        </test-method> <!-- addPatient -->
      </class> <!-- testClasses.RegisterPatientTest -->
      <class name="testClasses.AddPatVitalsTest">
        <test-method is-config="true" signature="openBrowser()[pri:0, instance:testClasses.AddPatVitalsTest@60704c]" started-at="2025-05-18T17:51:59 IST" name="openBrowser" finished-at="2025-05-18T17:52:11 IST" duration-ms="12496" status="PASS">
          <reporter-output>
          </reporter-output>
        </test-method> <!-- openBrowser -->
        <test-method signature="addPatVitals()[pri:2, instance:testClasses.AddPatVitalsTest@60704c]" started-at="2025-05-18T17:52:11 IST" name="addPatVitals" finished-at="2025-05-18T17:52:23 IST" duration-ms="11697" status="PASS">
          <reporter-output>
            <line>
              <![CDATA[My Test Case got passed]]>
            </line>
          </reporter-output>
        </test-method> <!-- addPatVitals -->
        <test-method is-config="true" signature="closeBrowser()[pri:0, instance:testClasses.AddPatVitalsTest@60704c]" started-at="2025-05-18T17:53:43 IST" name="closeBrowser" finished-at="2025-05-18T17:53:45 IST" duration-ms="2431" status="PASS">
          <reporter-output>
          </reporter-output>
        </test-method> <!-- closeBrowser -->
      </class> <!-- testClasses.AddPatVitalsTest -->
      <class name="testClasses.LoginTest">
        <test-method is-config="true" signature="openBrowser()[pri:0, instance:testClasses.LoginTest@2805c96b]" started-at="2025-05-18T17:52:23 IST" name="openBrowser" finished-at="2025-05-18T17:52:36 IST" duration-ms="12795" status="PASS">
          <reporter-output>
          </reporter-output>
        </test-method> <!-- openBrowser -->
        <test-method signature="executeLoginTest()[pri:0, instance:testClasses.LoginTest@2805c96b]" started-at="2025-05-18T17:52:36 IST" name="executeLoginTest" finished-at="2025-05-18T17:52:38 IST" duration-ms="2417" status="PASS">
          <reporter-output>
            <line>
              <![CDATA[My Test Case got passed]]>
            </line>
          </reporter-output>
        </test-method> <!-- executeLoginTest -->
      </class> <!-- testClasses.LoginTest -->
    </test> <!-- Surefire test -->
  </suite> <!-- Surefire suite -->
</testng-results>
