<?xml version="1.0" encoding="UTF-8"?>
<!-- Generated by org.testng.reporters.JUnitXMLReporter -->
<testsuite ignored="2" hostname="DESKTOP-2186RH3" failures="0" tests="4" name="Surefire test" time="106.526" errors="0" timestamp="2025-05-18T17:53:45 IST">
  <testcase classname="testClasses.AddPatVitalsTest" name="addPatVitals" time="11.697"/>
  <testcase classname="testClasses.LoginTest" name="executeLoginTest" time="2.417"/>
  <testcase classname="testClasses.RegisterPatientTest" name="addPatient" time="23.307"/>
  <testcase classname="testClasses.RegisterPatientTest" name="addPatient" time="22.698"/>
  <testcase classname="utilities.BaseClass" name="@AfterTest closeBrowser" time="0.0">
    <ignored/>
  </testcase> <!-- @AfterTest closeBrowser -->
  <testcase classname="utilities.BaseClass" name="@AfterTest closeBrowser" time="0.0">
    <ignored/>
  </testcase> <!-- @AfterTest closeBrowser -->
</testsuite> <!-- Surefire test -->
