<?xml version="1.0" encoding="UTF-8"?>
<!-- Generated by org.testng.reporters.JUnitXMLReporter -->
<testsuite ignored="3" hostname="DESKTOP-2186RH3" failures="0" tests="3" name="Test" time="42.543" errors="0" timestamp="2025-05-18T18:31:20 IST">
  <testcase classname="testClasses.LoginTest" name="executeLoginTest" time="3.568"/>
  <testcase classname="testClasses.AddPatVitalsTest" name="addPatVitals" time="16.563"/>
  <testcase classname="testClasses.Extent_Report" name="demoTest" time="0.039"/>
  <testcase classname="testClasses.RegisterPatientTest" name="addPatient" time="0.0">
    <ignored/>
  </testcase> <!-- addPatient -->
  <testcase classname="utilities.BaseClass" name="@AfterTest closeBrowser" time="0.0">
    <ignored/>
  </testcase> <!-- @AfterTest closeBrowser -->
  <testcase classname="utilities.BaseClass" name="@AfterTest closeBrowser" time="0.0">
    <ignored/>
  </testcase> <!-- @AfterTest closeBrowser -->
</testsuite> <!-- Test -->
